<?xml version="1.0" encoding="UTF-8"?>
<TestRun id="65d6c133-6e28-48f2-9f9f-342ffa9ae900" name="jjw21@FSTU603021 2015-01-06 10:18:02" runUser="PTI_DOMAIN\jjw21" xmlns="http://microsoft.com/schemas/VisualStudio/TeamTest/2010">
  <TestSettings name="Local" id="0ce4526c-c98a-4aba-a822-0d3bbdb33cda">
    <Description>These are default test settings for a local test run.</Description>
    <Deployment enabled="false" runDeploymentRoot="jjw21_FSTU603021 2015-01-06 10_18_02">
      <DeploymentItem filename="D:\GourmetCoffee\GourmetCoffee\bin\Debug\GourmetCoffee.dll" />
    </Deployment>
    <Execution>
      <TestTypeSpecific />
      <AgentRule name="Execution Agents">
      </AgentRule>
    </Execution>
  </TestSettings>
  <Times creation="2015-01-06T10:18:02.0237154-05:00" queuing="2015-01-06T10:18:02.0861154-05:00" start="2015-01-06T10:18:02.0861154-05:00" finish="2015-01-06T10:18:02.2265154-05:00" />
  <ResultSummary outcome="Failed">
    <Counters total="1" executed="1" error="0" failed="1" timeout="0" aborted="0" inconclusive="0" passedButRunAborted="0" notRunnable="0" notExecuted="0" disconnected="0" warning="0" passed="0" completed="0" inProgress="0" pending="0" />
  </ResultSummary>
  <TestDefinitions>
    <UnitTest name="TestGetProduct" storage="d:\gourmetcoffee\gourmetcoffeetest\bin\debug\gourmetcoffeetest.dll" id="257ba677-d173-c863-43e9-38e72359c959">
      <Execution id="dba3be61-bf67-4462-acf7-51900d114ec3" />
      <TestMethod codeBase="D:/GourmetCoffee/GourmetCoffeeTest/bin/Debug/GourmetCoffeeTest.DLL" adapterTypeName="Microsoft.VisualStudio.TestTools.TestTypes.Unit.UnitTestAdapter, Microsoft.VisualStudio.QualityTools.Tips.UnitTest.Adapter, Version=10.0.0.0, Culture=neutral, PublicKeyToken=b03f5f7f11d50a3a" className="GourmetCoffeeTest.CatalogTest, GourmetCoffeeTest, Version=1.0.0.0, Culture=neutral, PublicKeyToken=null" name="TestGetProduct" />
    </UnitTest>
  </TestDefinitions>
  <TestLists>
    <TestList name="Results Not in a List" id="8c84fa94-04c1-424b-9868-57a2d4851a1d" />
    <TestList name="All Loaded Results" id="19431567-8539-422a-85d7-44ee4e166bda" />
  </TestLists>
  <TestEntries>
    <TestEntry testId="257ba677-d173-c863-43e9-38e72359c959" executionId="dba3be61-bf67-4462-acf7-51900d114ec3" testListId="8c84fa94-04c1-424b-9868-57a2d4851a1d" />
  </TestEntries>
  <Results>
    <UnitTestResult executionId="dba3be61-bf67-4462-acf7-51900d114ec3" testId="257ba677-d173-c863-43e9-38e72359c959" testName="TestGetProduct" computerName="FSTU603021" duration="00:00:00.0238121" startTime="2015-01-06T10:18:02.0861154-05:00" endTime="2015-01-06T10:18:02.2265154-05:00" testType="13cdc9d9-ddb5-4fa4-a97d-d965ccfc6d4b" outcome="Failed" testListId="8c84fa94-04c1-424b-9868-57a2d4851a1d" relativeResultsDirectory="dba3be61-bf67-4462-acf7-51900d114ec3">
      <Output>
        <ErrorInfo>
          <Message>Test method GourmetCoffeeTest.CatalogTest.TestGetProduct threw exception: 
System.NullReferenceException: Object reference not set to an instance of an object.</Message>
          <StackTrace>    at GourmetCoffee.Product.Equals(Object obj) in D:\GourmetCoffee\GourmetCoffee\Product.cs:line 25
   at GourmetCoffeeTest.CatalogTest.TestGetProduct() in D:\GourmetCoffee\GourmetCoffeeTest\CatalogTest.cs:line 65
</StackTrace>
        </ErrorInfo>
      </Output>
    </UnitTestResult>
  </Results>
</TestRun>