<?xml version="1.0" encoding="UTF-8"?>
<TestRun id="0ad0e0ca-a889-411b-afda-df6e0f4cc600" name="jjw21@FSTU208063 2014-12-20 16:21:32" runUser="PTI_DOMAIN\jjw21" xmlns="http://microsoft.com/schemas/VisualStudio/TeamTest/2010">
  <TestSettings name="Local" id="0ce4526c-c98a-4aba-a822-0d3bbdb33cda">
    <Description>These are default test settings for a local test run.</Description>
    <Deployment enabled="false" runDeploymentRoot="jjw21_FSTU208063 2014-12-20 16_21_32">
      <DeploymentItem filename="D:\GourmetCoffee\GourmetCoffee\bin\Debug\GourmetCoffee.dll" />
    </Deployment>
    <Execution>
      <TestTypeSpecific />
      <AgentRule name="Execution Agents">
      </AgentRule>
    </Execution>
  </TestSettings>
  <Times creation="2014-12-20T16:21:32.2577344-05:00" queuing="2014-12-20T16:21:32.2757344-05:00" start="2014-12-20T16:21:32.2797344-05:00" finish="2014-12-20T16:21:32.4381272-05:00" />
  <ResultSummary outcome="Completed">
    <Counters total="1" executed="1" passed="1" error="0" failed="0" timeout="0" aborted="0" inconclusive="0" passedButRunAborted="0" notRunnable="0" notExecuted="0" disconnected="0" warning="0" completed="0" inProgress="0" pending="0" />
  </ResultSummary>
  <TestDefinitions>
    <UnitTest name="TestAddProduct" storage="d:\gourmetcoffee\gourmetcoffeetest\bin\debug\gourmetcoffeetest.dll" id="41c4145d-52f2-c183-c021-845c1852be99">
      <Execution id="262259ff-f79e-49e3-9bc2-11a01fb96574" />
      <TestMethod codeBase="D:/GourmetCoffee/GourmetCoffeeTest/bin/Debug/GourmetCoffeeTest.DLL" adapterTypeName="Microsoft.VisualStudio.TestTools.TestTypes.Unit.UnitTestAdapter, Microsoft.VisualStudio.QualityTools.Tips.UnitTest.Adapter, Version=10.0.0.0, Culture=neutral, PublicKeyToken=b03f5f7f11d50a3a" className="GourmetCoffeeTest.CatalogTest, GourmetCoffeeTest, Version=1.0.0.0, Culture=neutral, PublicKeyToken=null" name="TestAddProduct" />
    </UnitTest>
  </TestDefinitions>
  <TestLists>
    <TestList name="Results Not in a List" id="8c84fa94-04c1-424b-9868-57a2d4851a1d" />
    <TestList name="All Loaded Results" id="19431567-8539-422a-85d7-44ee4e166bda" />
  </TestLists>
  <TestEntries>
    <TestEntry testId="41c4145d-52f2-c183-c021-845c1852be99" executionId="262259ff-f79e-49e3-9bc2-11a01fb96574" testListId="8c84fa94-04c1-424b-9868-57a2d4851a1d" />
  </TestEntries>
  <Results>
    <UnitTestResult executionId="262259ff-f79e-49e3-9bc2-11a01fb96574" testId="41c4145d-52f2-c183-c021-845c1852be99" testName="TestAddProduct" computerName="FSTU208063" duration="00:00:00.0111284" startTime="2014-12-20T16:21:32.2807344-05:00" endTime="2014-12-20T16:21:32.4225280-05:00" testType="13cdc9d9-ddb5-4fa4-a97d-d965ccfc6d4b" outcome="Passed" testListId="8c84fa94-04c1-424b-9868-57a2d4851a1d" relativeResultsDirectory="262259ff-f79e-49e3-9bc2-11a01fb96574">
    </UnitTestResult>
  </Results>
</TestRun>