<?xml version="1.0" encoding="UTF-8"?>
<TestRun id="b6871550-2e80-4297-9a8a-3d34ef43326b" name="jjw21@FSTU208063 2014-12-20 15:56:10" runUser="PTI_DOMAIN\jjw21" xmlns="http://microsoft.com/schemas/VisualStudio/TeamTest/2010">
  <TestSettings name="Local" id="0ce4526c-c98a-4aba-a822-0d3bbdb33cda">
    <Description>These are default test settings for a local test run.</Description>
    <Deployment enabled="false" runDeploymentRoot="jjw21_FSTU208063 2014-12-20 15_56_10">
      <DeploymentItem filename="D:\GourmetCoffee\GourmetCoffee\bin\Debug\GourmetCoffee.dll" />
    </Deployment>
    <Execution>
      <TestTypeSpecific />
      <AgentRule name="Execution Agents">
      </AgentRule>
    </Execution>
  </TestSettings>
  <Times creation="2014-12-20T15:56:10.8491268-05:00" queuing="2014-12-20T15:56:11.7695150-05:00" start="2014-12-20T15:56:11.8319142-05:00" finish="2014-12-20T15:56:12.1751098-05:00" />
  <ResultSummary outcome="Completed">
    <Counters total="4" executed="4" passed="4" error="0" failed="0" timeout="0" aborted="0" inconclusive="0" passedButRunAborted="0" notRunnable="0" notExecuted="0" disconnected="0" warning="0" completed="0" inProgress="0" pending="0" />
  </ResultSummary>
  <TestDefinitions>
    <UnitTest name="TestToString" storage="d:\gourmetcoffee\gourmetcoffeetest\bin\debug\gourmetcoffeetest.dll" id="ba99785b-d2ea-9d44-19d0-7ec351628353">
      <Execution id="6867b68c-8181-4806-bf3d-dddf4f992d8e" />
      <TestMethod codeBase="D:/GourmetCoffee/GourmetCoffeeTest/bin/Debug/GourmetCoffeeTest.DLL" adapterTypeName="Microsoft.VisualStudio.TestTools.TestTypes.Unit.UnitTestAdapter, Microsoft.VisualStudio.QualityTools.Tips.UnitTest.Adapter, Version=10.0.0.0, Culture=neutral, PublicKeyToken=b03f5f7f11d50a3a" className="GourmetCoffeeTest.ProductTest, GourmetCoffeeTest, Version=1.0.0.0, Culture=neutral, PublicKeyToken=null" name="TestToString" />
    </UnitTest>
    <UnitTest name="TestEquals" storage="d:\gourmetcoffee\gourmetcoffeetest\bin\debug\gourmetcoffeetest.dll" id="3faca04a-dabe-29e5-c10d-ddbac2c99f00">
      <Execution id="a34fb1dd-89b2-479e-9824-df8acae08e43" />
      <TestMethod codeBase="D:/GourmetCoffee/GourmetCoffeeTest/bin/Debug/GourmetCoffeeTest.DLL" adapterTypeName="Microsoft.VisualStudio.TestTools.TestTypes.Unit.UnitTestAdapter, Microsoft.VisualStudio.QualityTools.Tips.UnitTest.Adapter, Version=10.0.0.0, Culture=neutral, PublicKeyToken=b03f5f7f11d50a3a" className="GourmetCoffeeTest.ProductTest, GourmetCoffeeTest, Version=1.0.0.0, Culture=neutral, PublicKeyToken=null" name="TestEquals" />
    </UnitTest>
    <UnitTest name="TestProperties" storage="d:\gourmetcoffee\gourmetcoffeetest\bin\debug\gourmetcoffeetest.dll" id="4611bb0f-24a5-e25d-23a9-aeb007046123">
      <Execution id="a7ac5fbe-d85c-4ba7-b590-b35d346052ba" />
      <TestMethod codeBase="D:/GourmetCoffee/GourmetCoffeeTest/bin/Debug/GourmetCoffeeTest.DLL" adapterTypeName="Microsoft.VisualStudio.TestTools.TestTypes.Unit.UnitTestAdapter, Microsoft.VisualStudio.QualityTools.Tips.UnitTest.Adapter, Version=10.0.0.0, Culture=neutral, PublicKeyToken=b03f5f7f11d50a3a" className="GourmetCoffeeTest.ProductTest, GourmetCoffeeTest, Version=1.0.0.0, Culture=neutral, PublicKeyToken=null" name="TestProperties" />
    </UnitTest>
    <UnitTest name="TestMethod1" storage="d:\gourmetcoffee\gourmetcoffeetest\bin\debug\gourmetcoffeetest.dll" id="7a89a6e8-9e59-a151-cfdf-e5f13b8ec648">
      <Execution id="50b44dde-346d-4ef6-ab0f-a73da2b6e040" />
      <TestMethod codeBase="D:/GourmetCoffee/GourmetCoffeeTest/bin/Debug/GourmetCoffeeTest.DLL" adapterTypeName="Microsoft.VisualStudio.TestTools.TestTypes.Unit.UnitTestAdapter, Microsoft.VisualStudio.QualityTools.Tips.UnitTest.Adapter, Version=10.0.0.0, Culture=neutral, PublicKeyToken=b03f5f7f11d50a3a" className="GourmetCoffeeTest.CatalogTest, GourmetCoffeeTest, Version=1.0.0.0, Culture=neutral, PublicKeyToken=null" name="TestMethod1" />
    </UnitTest>
  </TestDefinitions>
  <TestLists>
    <TestList name="Results Not in a List" id="8c84fa94-04c1-424b-9868-57a2d4851a1d" />
    <TestList name="All Loaded Results" id="19431567-8539-422a-85d7-44ee4e166bda" />
  </TestLists>
  <TestEntries>
    <TestEntry testId="3faca04a-dabe-29e5-c10d-ddbac2c99f00" executionId="a34fb1dd-89b2-479e-9824-df8acae08e43" testListId="8c84fa94-04c1-424b-9868-57a2d4851a1d" />
    <TestEntry testId="4611bb0f-24a5-e25d-23a9-aeb007046123" executionId="a7ac5fbe-d85c-4ba7-b590-b35d346052ba" testListId="8c84fa94-04c1-424b-9868-57a2d4851a1d" />
    <TestEntry testId="7a89a6e8-9e59-a151-cfdf-e5f13b8ec648" executionId="50b44dde-346d-4ef6-ab0f-a73da2b6e040" testListId="8c84fa94-04c1-424b-9868-57a2d4851a1d" />
    <TestEntry testId="ba99785b-d2ea-9d44-19d0-7ec351628353" executionId="6867b68c-8181-4806-bf3d-dddf4f992d8e" testListId="8c84fa94-04c1-424b-9868-57a2d4851a1d" />
  </TestEntries>
  <Results>
    <UnitTestResult executionId="a34fb1dd-89b2-479e-9824-df8acae08e43" testId="3faca04a-dabe-29e5-c10d-ddbac2c99f00" testName="TestEquals" computerName="FSTU208063" duration="00:00:00.0107212" startTime="2014-12-20T15:56:11.8319142-05:00" endTime="2014-12-20T15:56:12.1127106-05:00" testType="13cdc9d9-ddb5-4fa4-a97d-d965ccfc6d4b" outcome="Passed" testListId="8c84fa94-04c1-424b-9868-57a2d4851a1d" relativeResultsDirectory="a34fb1dd-89b2-479e-9824-df8acae08e43">
    </UnitTestResult>
    <UnitTestResult executionId="a7ac5fbe-d85c-4ba7-b590-b35d346052ba" testId="4611bb0f-24a5-e25d-23a9-aeb007046123" testName="TestProperties" computerName="FSTU208063" duration="00:00:00.0002751" startTime="2014-12-20T15:56:12.1283104-05:00" endTime="2014-12-20T15:56:12.1283104-05:00" testType="13cdc9d9-ddb5-4fa4-a97d-d965ccfc6d4b" outcome="Passed" testListId="8c84fa94-04c1-424b-9868-57a2d4851a1d" relativeResultsDirectory="a7ac5fbe-d85c-4ba7-b590-b35d346052ba">
    </UnitTestResult>
    <UnitTestResult executionId="50b44dde-346d-4ef6-ab0f-a73da2b6e040" testId="7a89a6e8-9e59-a151-cfdf-e5f13b8ec648" testName="TestMethod1" computerName="FSTU208063" duration="00:00:00.0001258" startTime="2014-12-20T15:56:12.1283104-05:00" endTime="2014-12-20T15:56:12.1283104-05:00" testType="13cdc9d9-ddb5-4fa4-a97d-d965ccfc6d4b" outcome="Passed" testListId="8c84fa94-04c1-424b-9868-57a2d4851a1d" relativeResultsDirectory="50b44dde-346d-4ef6-ab0f-a73da2b6e040">
    </UnitTestResult>
    <UnitTestResult executionId="6867b68c-8181-4806-bf3d-dddf4f992d8e" testId="ba99785b-d2ea-9d44-19d0-7ec351628353" testName="TestToString" computerName="FSTU208063" duration="00:00:00.0003138" startTime="2014-12-20T15:56:12.1283104-05:00" endTime="2014-12-20T15:56:12.1283104-05:00" testType="13cdc9d9-ddb5-4fa4-a97d-d965ccfc6d4b" outcome="Passed" testListId="8c84fa94-04c1-424b-9868-57a2d4851a1d" relativeResultsDirectory="6867b68c-8181-4806-bf3d-dddf4f992d8e">
    </UnitTestResult>
  </Results>
</TestRun>