<?xml version="1.0" encoding="UTF-8"?>
<TestRun id="e169a204-bd4b-44a6-81af-b7afe55cf312" name="jjw21@FSTU208063 2014-12-20 16:21:41" runUser="PTI_DOMAIN\jjw21" xmlns="http://microsoft.com/schemas/VisualStudio/TeamTest/2010">
  <TestSettings name="Local" id="0ce4526c-c98a-4aba-a822-0d3bbdb33cda">
    <Description>These are default test settings for a local test run.</Description>
    <Deployment enabled="false" runDeploymentRoot="jjw21_FSTU208063 2014-12-20 16_21_41">
      <DeploymentItem filename="D:\GourmetCoffee\GourmetCoffee\bin\Debug\GourmetCoffee.dll" />
    </Deployment>
    <Execution>
      <TestTypeSpecific />
      <AgentRule name="Execution Agents">
      </AgentRule>
    </Execution>
  </TestSettings>
  <Times creation="2014-12-20T16:21:41.7196512-05:00" queuing="2014-12-20T16:21:41.7508496-05:00" start="2014-12-20T16:21:41.7508496-05:00" finish="2014-12-20T16:21:41.9068416-05:00" />
  <ResultSummary outcome="Failed">
    <Counters total="5" executed="5" passed="4" error="0" failed="1" timeout="0" aborted="0" inconclusive="0" passedButRunAborted="0" notRunnable="0" notExecuted="0" disconnected="0" warning="0" completed="0" inProgress="0" pending="0" />
  </ResultSummary>
  <TestDefinitions>
    <UnitTest name="TestToString" storage="d:\gourmetcoffee\gourmetcoffeetest\bin\debug\gourmetcoffeetest.dll" id="ba99785b-d2ea-9d44-19d0-7ec351628353">
      <Execution id="dba1ca9a-3b70-4f79-b01a-701e739505b8" />
      <TestMethod codeBase="D:/GourmetCoffee/GourmetCoffeeTest/bin/Debug/GourmetCoffeeTest.DLL" adapterTypeName="Microsoft.VisualStudio.TestTools.TestTypes.Unit.UnitTestAdapter, Microsoft.VisualStudio.QualityTools.Tips.UnitTest.Adapter, Version=10.0.0.0, Culture=neutral, PublicKeyToken=b03f5f7f11d50a3a" className="GourmetCoffeeTest.ProductTest, GourmetCoffeeTest, Version=1.0.0.0, Culture=neutral, PublicKeyToken=null" name="TestToString" />
    </UnitTest>
    <UnitTest name="TestAddProduct" storage="d:\gourmetcoffee\gourmetcoffeetest\bin\debug\gourmetcoffeetest.dll" id="41c4145d-52f2-c183-c021-845c1852be99">
      <Execution id="4e3fe22b-605d-47f8-a365-66c54cac9609" />
      <TestMethod codeBase="D:/GourmetCoffee/GourmetCoffeeTest/bin/Debug/GourmetCoffeeTest.DLL" adapterTypeName="Microsoft.VisualStudio.TestTools.TestTypes.Unit.UnitTestAdapter, Microsoft.VisualStudio.QualityTools.Tips.UnitTest.Adapter, Version=10.0.0.0, Culture=neutral, PublicKeyToken=b03f5f7f11d50a3a" className="GourmetCoffeeTest.CatalogTest, GourmetCoffeeTest, Version=1.0.0.0, Culture=neutral, PublicKeyToken=null" name="TestAddProduct" />
    </UnitTest>
    <UnitTest name="TestEquals" storage="d:\gourmetcoffee\gourmetcoffeetest\bin\debug\gourmetcoffeetest.dll" id="3faca04a-dabe-29e5-c10d-ddbac2c99f00">
      <Execution id="032e3119-47fe-42ea-bd16-d499b7fc957b" />
      <TestMethod codeBase="D:/GourmetCoffee/GourmetCoffeeTest/bin/Debug/GourmetCoffeeTest.DLL" adapterTypeName="Microsoft.VisualStudio.TestTools.TestTypes.Unit.UnitTestAdapter, Microsoft.VisualStudio.QualityTools.Tips.UnitTest.Adapter, Version=10.0.0.0, Culture=neutral, PublicKeyToken=b03f5f7f11d50a3a" className="GourmetCoffeeTest.ProductTest, GourmetCoffeeTest, Version=1.0.0.0, Culture=neutral, PublicKeyToken=null" name="TestEquals" />
    </UnitTest>
    <UnitTest name="TestProperties" storage="d:\gourmetcoffee\gourmetcoffeetest\bin\debug\gourmetcoffeetest.dll" id="4611bb0f-24a5-e25d-23a9-aeb007046123">
      <Execution id="f6ca9840-489c-4b1c-a3f3-508e60ad161f" />
      <TestMethod codeBase="D:/GourmetCoffee/GourmetCoffeeTest/bin/Debug/GourmetCoffeeTest.DLL" adapterTypeName="Microsoft.VisualStudio.TestTools.TestTypes.Unit.UnitTestAdapter, Microsoft.VisualStudio.QualityTools.Tips.UnitTest.Adapter, Version=10.0.0.0, Culture=neutral, PublicKeyToken=b03f5f7f11d50a3a" className="GourmetCoffeeTest.ProductTest, GourmetCoffeeTest, Version=1.0.0.0, Culture=neutral, PublicKeyToken=null" name="TestProperties" />
    </UnitTest>
    <UnitTest name="TestGetProduct" storage="d:\gourmetcoffee\gourmetcoffeetest\bin\debug\gourmetcoffeetest.dll" id="257ba677-d173-c863-43e9-38e72359c959">
      <Execution id="77380098-f50b-4787-bb7d-480ba01e4437" />
      <TestMethod codeBase="D:/GourmetCoffee/GourmetCoffeeTest/bin/Debug/GourmetCoffeeTest.DLL" adapterTypeName="Microsoft.VisualStudio.TestTools.TestTypes.Unit.UnitTestAdapter, Microsoft.VisualStudio.QualityTools.Tips.UnitTest.Adapter, Version=10.0.0.0, Culture=neutral, PublicKeyToken=b03f5f7f11d50a3a" className="GourmetCoffeeTest.CatalogTest, GourmetCoffeeTest, Version=1.0.0.0, Culture=neutral, PublicKeyToken=null" name="TestGetProduct" />
    </UnitTest>
  </TestDefinitions>
  <TestLists>
    <TestList name="Results Not in a List" id="8c84fa94-04c1-424b-9868-57a2d4851a1d" />
    <TestList name="All Loaded Results" id="19431567-8539-422a-85d7-44ee4e166bda" />
  </TestLists>
  <TestEntries>
    <TestEntry testId="257ba677-d173-c863-43e9-38e72359c959" executionId="77380098-f50b-4787-bb7d-480ba01e4437" testListId="8c84fa94-04c1-424b-9868-57a2d4851a1d" />
    <TestEntry testId="3faca04a-dabe-29e5-c10d-ddbac2c99f00" executionId="032e3119-47fe-42ea-bd16-d499b7fc957b" testListId="8c84fa94-04c1-424b-9868-57a2d4851a1d" />
    <TestEntry testId="41c4145d-52f2-c183-c021-845c1852be99" executionId="4e3fe22b-605d-47f8-a365-66c54cac9609" testListId="8c84fa94-04c1-424b-9868-57a2d4851a1d" />
    <TestEntry testId="4611bb0f-24a5-e25d-23a9-aeb007046123" executionId="f6ca9840-489c-4b1c-a3f3-508e60ad161f" testListId="8c84fa94-04c1-424b-9868-57a2d4851a1d" />
    <TestEntry testId="ba99785b-d2ea-9d44-19d0-7ec351628353" executionId="dba1ca9a-3b70-4f79-b01a-701e739505b8" testListId="8c84fa94-04c1-424b-9868-57a2d4851a1d" />
  </TestEntries>
  <Results>
    <UnitTestResult executionId="77380098-f50b-4787-bb7d-480ba01e4437" testId="257ba677-d173-c863-43e9-38e72359c959" testName="TestGetProduct" computerName="FSTU208063" duration="00:00:00.0224698" startTime="2014-12-20T16:21:41.7508496-05:00" endTime="2014-12-20T16:21:41.8912424-05:00" testType="13cdc9d9-ddb5-4fa4-a97d-d965ccfc6d4b" outcome="Failed" testListId="8c84fa94-04c1-424b-9868-57a2d4851a1d" relativeResultsDirectory="77380098-f50b-4787-bb7d-480ba01e4437">
      <Output>
        <ErrorInfo>
          <Message>Test method GourmetCoffeeTest.CatalogTest.TestGetProduct threw exception: 
System.NullReferenceException: Object reference not set to an instance of an object.</Message>
          <StackTrace>    at GourmetCoffeeTest.CatalogTest.TestGetProduct() in D:\GourmetCoffee\GourmetCoffeeTest\CatalogTest.cs:line 63
</StackTrace>
        </ErrorInfo>
      </Output>
    </UnitTestResult>
    <UnitTestResult executionId="032e3119-47fe-42ea-bd16-d499b7fc957b" testId="3faca04a-dabe-29e5-c10d-ddbac2c99f00" testName="TestEquals" computerName="FSTU208063" duration="00:00:00.0004717" startTime="2014-12-20T16:21:41.8912424-05:00" endTime="2014-12-20T16:21:41.8912424-05:00" testType="13cdc9d9-ddb5-4fa4-a97d-d965ccfc6d4b" outcome="Passed" testListId="8c84fa94-04c1-424b-9868-57a2d4851a1d" relativeResultsDirectory="032e3119-47fe-42ea-bd16-d499b7fc957b">
    </UnitTestResult>
    <UnitTestResult executionId="4e3fe22b-605d-47f8-a365-66c54cac9609" testId="41c4145d-52f2-c183-c021-845c1852be99" testName="TestAddProduct" computerName="FSTU208063" duration="00:00:00.0003899" startTime="2014-12-20T16:21:41.8912424-05:00" endTime="2014-12-20T16:21:41.8912424-05:00" testType="13cdc9d9-ddb5-4fa4-a97d-d965ccfc6d4b" outcome="Passed" testListId="8c84fa94-04c1-424b-9868-57a2d4851a1d" relativeResultsDirectory="4e3fe22b-605d-47f8-a365-66c54cac9609">
    </UnitTestResult>
    <UnitTestResult executionId="f6ca9840-489c-4b1c-a3f3-508e60ad161f" testId="4611bb0f-24a5-e25d-23a9-aeb007046123" testName="TestProperties" computerName="FSTU208063" duration="00:00:00.0002731" startTime="2014-12-20T16:21:41.8912424-05:00" endTime="2014-12-20T16:21:41.8912424-05:00" testType="13cdc9d9-ddb5-4fa4-a97d-d965ccfc6d4b" outcome="Passed" testListId="8c84fa94-04c1-424b-9868-57a2d4851a1d" relativeResultsDirectory="f6ca9840-489c-4b1c-a3f3-508e60ad161f">
    </UnitTestResult>
    <UnitTestResult executionId="dba1ca9a-3b70-4f79-b01a-701e739505b8" testId="ba99785b-d2ea-9d44-19d0-7ec351628353" testName="TestToString" computerName="FSTU208063" duration="00:00:00.0003151" startTime="2014-12-20T16:21:41.8912424-05:00" endTime="2014-12-20T16:21:41.8912424-05:00" testType="13cdc9d9-ddb5-4fa4-a97d-d965ccfc6d4b" outcome="Passed" testListId="8c84fa94-04c1-424b-9868-57a2d4851a1d" relativeResultsDirectory="dba1ca9a-3b70-4f79-b01a-701e739505b8">
    </UnitTestResult>
  </Results>
</TestRun>