<?xml version="1.0" encoding="UTF-8"?>
<TestRun id="81999567-5c4e-4c4b-bb0e-9f1747f5679e" name="jjw21@FSTU603021 2015-01-06 09:59:10" runUser="PTI_DOMAIN\jjw21" xmlns="http://microsoft.com/schemas/VisualStudio/TeamTest/2010">
  <TestSettings name="Local" id="0ce4526c-c98a-4aba-a822-0d3bbdb33cda">
    <Description>These are default test settings for a local test run.</Description>
    <Deployment enabled="false" runDeploymentRoot="jjw21_FSTU603021 2015-01-06 09_59_10">
      <DeploymentItem filename="D:\GourmetCoffee\GourmetCoffee\bin\Debug\GourmetCoffee.dll" />
    </Deployment>
    <Execution>
      <TestTypeSpecific />
      <AgentRule name="Execution Agents">
      </AgentRule>
    </Execution>
  </TestSettings>
  <Times creation="2015-01-06T09:59:10.6543154-05:00" queuing="2015-01-06T09:59:10.6855154-05:00" start="2015-01-06T09:59:10.6855154-05:00" finish="2015-01-06T09:59:10.8259154-05:00" />
  <ResultSummary outcome="Completed">
    <Counters total="1" executed="1" passed="1" error="0" failed="0" timeout="0" aborted="0" inconclusive="0" passedButRunAborted="0" notRunnable="0" notExecuted="0" disconnected="0" warning="0" completed="0" inProgress="0" pending="0" />
  </ResultSummary>
  <TestDefinitions>
    <UnitTest name="TestProperties" storage="d:\gourmetcoffee\gourmetcoffeetest\bin\debug\gourmetcoffeetest.dll" id="d057f2b3-9116-63b7-e7b0-3a54dd64f730">
      <Execution id="8c98d368-e628-44b9-b465-7c9749797672" />
      <TestMethod codeBase="D:/GourmetCoffee/GourmetCoffeeTest/bin/Debug/GourmetCoffeeTest.DLL" adapterTypeName="Microsoft.VisualStudio.TestTools.TestTypes.Unit.UnitTestAdapter, Microsoft.VisualStudio.QualityTools.Tips.UnitTest.Adapter, Version=10.0.0.0, Culture=neutral, PublicKeyToken=b03f5f7f11d50a3a" className="GourmetCoffeeTest.CoffeeTest, GourmetCoffeeTest, Version=1.0.0.0, Culture=neutral, PublicKeyToken=null" name="TestProperties" />
    </UnitTest>
  </TestDefinitions>
  <TestLists>
    <TestList name="Results Not in a List" id="8c84fa94-04c1-424b-9868-57a2d4851a1d" />
    <TestList name="All Loaded Results" id="19431567-8539-422a-85d7-44ee4e166bda" />
  </TestLists>
  <TestEntries>
    <TestEntry testId="d057f2b3-9116-63b7-e7b0-3a54dd64f730" executionId="8c98d368-e628-44b9-b465-7c9749797672" testListId="8c84fa94-04c1-424b-9868-57a2d4851a1d" />
  </TestEntries>
  <Results>
    <UnitTestResult executionId="8c98d368-e628-44b9-b465-7c9749797672" testId="d057f2b3-9116-63b7-e7b0-3a54dd64f730" testName="TestProperties" computerName="FSTU603021" duration="00:00:00.0120494" startTime="2015-01-06T09:59:10.6855154-05:00" endTime="2015-01-06T09:59:10.8103154-05:00" testType="13cdc9d9-ddb5-4fa4-a97d-d965ccfc6d4b" outcome="Passed" testListId="8c84fa94-04c1-424b-9868-57a2d4851a1d" relativeResultsDirectory="8c98d368-e628-44b9-b465-7c9749797672">
    </UnitTestResult>
  </Results>
</TestRun>