<?xml version="1.0" encoding="UTF-8"?>
<TestRun id="aeab28c8-96e9-4ef2-a2fa-d2ceb540abb6" name="jjw21@FSTU603021 2015-01-06 09:59:26" runUser="PTI_DOMAIN\jjw21" xmlns="http://microsoft.com/schemas/VisualStudio/TeamTest/2010">
  <TestSettings name="Local" id="0ce4526c-c98a-4aba-a822-0d3bbdb33cda">
    <Description>These are default test settings for a local test run.</Description>
    <Deployment enabled="false" runDeploymentRoot="jjw21_FSTU603021 2015-01-06 09_59_26">
      <DeploymentItem filename="D:\GourmetCoffee\GourmetCoffee\bin\Debug\GourmetCoffee.dll" />
    </Deployment>
    <Execution>
      <TestTypeSpecific />
      <AgentRule name="Execution Agents">
      </AgentRule>
    </Execution>
  </TestSettings>
  <Times creation="2015-01-06T09:59:26.9653154-05:00" queuing="2015-01-06T09:59:26.9965154-05:00" start="2015-01-06T09:59:26.9965154-05:00" finish="2015-01-06T09:59:27.1369154-05:00" />
  <ResultSummary outcome="Failed">
    <Counters total="1" executed="1" error="0" failed="1" timeout="0" aborted="0" inconclusive="0" passedButRunAborted="0" notRunnable="0" notExecuted="0" disconnected="0" warning="0" passed="0" completed="0" inProgress="0" pending="0" />
  </ResultSummary>
  <TestDefinitions>
    <UnitTest name="TestToString" storage="d:\gourmetcoffee\gourmetcoffeetest\bin\debug\gourmetcoffeetest.dll" id="e4dbda89-c43a-6d3b-0253-f3f6ccb78190">
      <Execution id="b7e9bcb6-13f4-4f30-975c-caa5bd78252e" />
      <TestMethod codeBase="D:/GourmetCoffee/GourmetCoffeeTest/bin/Debug/GourmetCoffeeTest.DLL" adapterTypeName="Microsoft.VisualStudio.TestTools.TestTypes.Unit.UnitTestAdapter, Microsoft.VisualStudio.QualityTools.Tips.UnitTest.Adapter, Version=10.0.0.0, Culture=neutral, PublicKeyToken=b03f5f7f11d50a3a" className="GourmetCoffeeTest.CoffeeTest, GourmetCoffeeTest, Version=1.0.0.0, Culture=neutral, PublicKeyToken=null" name="TestToString" />
    </UnitTest>
  </TestDefinitions>
  <TestLists>
    <TestList name="Results Not in a List" id="8c84fa94-04c1-424b-9868-57a2d4851a1d" />
    <TestList name="All Loaded Results" id="19431567-8539-422a-85d7-44ee4e166bda" />
  </TestLists>
  <TestEntries>
    <TestEntry testId="e4dbda89-c43a-6d3b-0253-f3f6ccb78190" executionId="b7e9bcb6-13f4-4f30-975c-caa5bd78252e" testListId="8c84fa94-04c1-424b-9868-57a2d4851a1d" />
  </TestEntries>
  <Results>
    <UnitTestResult executionId="b7e9bcb6-13f4-4f30-975c-caa5bd78252e" testId="e4dbda89-c43a-6d3b-0253-f3f6ccb78190" testName="TestToString" computerName="FSTU603021" duration="00:00:00.0224485" startTime="2015-01-06T09:59:26.9965154-05:00" endTime="2015-01-06T09:59:27.1369154-05:00" testType="13cdc9d9-ddb5-4fa4-a97d-d965ccfc6d4b" outcome="Failed" testListId="8c84fa94-04c1-424b-9868-57a2d4851a1d" relativeResultsDirectory="b7e9bcb6-13f4-4f30-975c-caa5bd78252e">
      <Output>
        <ErrorInfo>
          <Message>Assert.IsTrue failed. </Message>
          <StackTrace>   at GourmetCoffeeTest.CoffeeTest.TestToString() in D:\GourmetCoffee\GourmetCoffeeTest\CoffeeTest.cs:line 47
</StackTrace>
        </ErrorInfo>
      </Output>
    </UnitTestResult>
  </Results>
</TestRun>