<?xml version="1.0" encoding="UTF-8"?>
<TestRun id="075ebdba-652c-4cb5-b470-1c8213fd37ac" name="jjw21@FSTU603021 2015-01-06 10:00:01" runUser="PTI_DOMAIN\jjw21" xmlns="http://microsoft.com/schemas/VisualStudio/TeamTest/2010">
  <TestSettings name="Local" id="0ce4526c-c98a-4aba-a822-0d3bbdb33cda">
    <Description>These are default test settings for a local test run.</Description>
    <Deployment enabled="false" runDeploymentRoot="jjw21_FSTU603021 2015-01-06 10_00_01">
      <DeploymentItem filename="D:\GourmetCoffee\GourmetCoffee\bin\Debug\GourmetCoffee.dll" />
    </Deployment>
    <Execution>
      <TestTypeSpecific />
      <AgentRule name="Execution Agents">
      </AgentRule>
    </Execution>
  </TestSettings>
  <Times creation="2015-01-06T10:00:01.3223154-05:00" queuing="2015-01-06T10:00:01.3535154-05:00" start="2015-01-06T10:00:01.3535154-05:00" finish="2015-01-06T10:00:01.4939154-05:00" />
  <ResultSummary outcome="Completed">
    <Counters total="2" executed="2" passed="2" error="0" failed="0" timeout="0" aborted="0" inconclusive="0" passedButRunAborted="0" notRunnable="0" notExecuted="0" disconnected="0" warning="0" completed="0" inProgress="0" pending="0" />
  </ResultSummary>
  <TestDefinitions>
    <UnitTest name="TestProperties" storage="d:\gourmetcoffee\gourmetcoffeetest\bin\debug\gourmetcoffeetest.dll" id="d057f2b3-9116-63b7-e7b0-3a54dd64f730">
      <Execution id="aacf138f-18cd-4aec-a88f-7aa875e14729" />
      <TestMethod codeBase="D:/GourmetCoffee/GourmetCoffeeTest/bin/Debug/GourmetCoffeeTest.DLL" adapterTypeName="Microsoft.VisualStudio.TestTools.TestTypes.Unit.UnitTestAdapter, Microsoft.VisualStudio.QualityTools.Tips.UnitTest.Adapter, Version=10.0.0.0, Culture=neutral, PublicKeyToken=b03f5f7f11d50a3a" className="GourmetCoffeeTest.CoffeeTest, GourmetCoffeeTest, Version=1.0.0.0, Culture=neutral, PublicKeyToken=null" name="TestProperties" />
    </UnitTest>
    <UnitTest name="TestToString" storage="d:\gourmetcoffee\gourmetcoffeetest\bin\debug\gourmetcoffeetest.dll" id="e4dbda89-c43a-6d3b-0253-f3f6ccb78190">
      <Execution id="c85a492e-72dd-494a-a521-4e4e04a92657" />
      <TestMethod codeBase="D:/GourmetCoffee/GourmetCoffeeTest/bin/Debug/GourmetCoffeeTest.DLL" adapterTypeName="Microsoft.VisualStudio.TestTools.TestTypes.Unit.UnitTestAdapter, Microsoft.VisualStudio.QualityTools.Tips.UnitTest.Adapter, Version=10.0.0.0, Culture=neutral, PublicKeyToken=b03f5f7f11d50a3a" className="GourmetCoffeeTest.CoffeeTest, GourmetCoffeeTest, Version=1.0.0.0, Culture=neutral, PublicKeyToken=null" name="TestToString" />
    </UnitTest>
  </TestDefinitions>
  <TestLists>
    <TestList name="Results Not in a List" id="8c84fa94-04c1-424b-9868-57a2d4851a1d" />
    <TestList name="All Loaded Results" id="19431567-8539-422a-85d7-44ee4e166bda" />
  </TestLists>
  <TestEntries>
    <TestEntry testId="d057f2b3-9116-63b7-e7b0-3a54dd64f730" executionId="aacf138f-18cd-4aec-a88f-7aa875e14729" testListId="8c84fa94-04c1-424b-9868-57a2d4851a1d" />
    <TestEntry testId="e4dbda89-c43a-6d3b-0253-f3f6ccb78190" executionId="c85a492e-72dd-494a-a521-4e4e04a92657" testListId="8c84fa94-04c1-424b-9868-57a2d4851a1d" />
  </TestEntries>
  <Results>
    <UnitTestResult executionId="aacf138f-18cd-4aec-a88f-7aa875e14729" testId="d057f2b3-9116-63b7-e7b0-3a54dd64f730" testName="TestProperties" computerName="FSTU603021" duration="00:00:00.0118647" startTime="2015-01-06T10:00:01.3535154-05:00" endTime="2015-01-06T10:00:01.4783154-05:00" testType="13cdc9d9-ddb5-4fa4-a97d-d965ccfc6d4b" outcome="Passed" testListId="8c84fa94-04c1-424b-9868-57a2d4851a1d" relativeResultsDirectory="aacf138f-18cd-4aec-a88f-7aa875e14729">
    </UnitTestResult>
    <UnitTestResult executionId="c85a492e-72dd-494a-a521-4e4e04a92657" testId="e4dbda89-c43a-6d3b-0253-f3f6ccb78190" testName="TestToString" computerName="FSTU603021" duration="00:00:00.0006154" startTime="2015-01-06T10:00:01.4783154-05:00" endTime="2015-01-06T10:00:01.4939154-05:00" testType="13cdc9d9-ddb5-4fa4-a97d-d965ccfc6d4b" outcome="Passed" testListId="8c84fa94-04c1-424b-9868-57a2d4851a1d" relativeResultsDirectory="c85a492e-72dd-494a-a521-4e4e04a92657">
    </UnitTestResult>
  </Results>
</TestRun>