<?xml version="1.0" encoding="UTF-8"?>
<TestRun id="9f0b60bb-f217-4f73-ba57-025a88560593" name="jjw21@FSTU208063 2014-12-20 16:23:27" runUser="PTI_DOMAIN\jjw21" xmlns="http://microsoft.com/schemas/VisualStudio/TeamTest/2010">
  <TestSettings name="Local" id="0ce4526c-c98a-4aba-a822-0d3bbdb33cda">
    <Description>These are default test settings for a local test run.</Description>
    <Deployment enabled="false" runDeploymentRoot="jjw21_FSTU208063 2014-12-20 16_23_27">
      <DeploymentItem filename="D:\GourmetCoffee\GourmetCoffee\bin\Debug\GourmetCoffee.dll" />
    </Deployment>
    <Execution>
      <TestTypeSpecific />
      <AgentRule name="Execution Agents">
      </AgentRule>
    </Execution>
  </TestSettings>
  <Times creation="2014-12-20T16:23:27.3122788-05:00" queuing="2014-12-20T16:23:27.3278784-05:00" start="2014-12-20T16:23:27.3278784-05:00" finish="2014-12-20T16:23:27.4838744-05:00" />
  <ResultSummary outcome="Failed">
    <Counters total="5" executed="5" passed="4" error="0" failed="1" timeout="0" aborted="0" inconclusive="0" passedButRunAborted="0" notRunnable="0" notExecuted="0" disconnected="0" warning="0" completed="0" inProgress="0" pending="0" />
  </ResultSummary>
  <TestDefinitions>
    <UnitTest name="TestToString" storage="d:\gourmetcoffee\gourmetcoffeetest\bin\debug\gourmetcoffeetest.dll" id="ba99785b-d2ea-9d44-19d0-7ec351628353">
      <Execution id="badf15df-e474-4ece-9345-8d9766a5ff8d" />
      <TestMethod codeBase="D:/GourmetCoffee/GourmetCoffeeTest/bin/Debug/GourmetCoffeeTest.DLL" adapterTypeName="Microsoft.VisualStudio.TestTools.TestTypes.Unit.UnitTestAdapter, Microsoft.VisualStudio.QualityTools.Tips.UnitTest.Adapter, Version=10.0.0.0, Culture=neutral, PublicKeyToken=b03f5f7f11d50a3a" className="GourmetCoffeeTest.ProductTest, GourmetCoffeeTest, Version=1.0.0.0, Culture=neutral, PublicKeyToken=null" name="TestToString" />
    </UnitTest>
    <UnitTest name="TestAddProduct" storage="d:\gourmetcoffee\gourmetcoffeetest\bin\debug\gourmetcoffeetest.dll" id="41c4145d-52f2-c183-c021-845c1852be99">
      <Execution id="75d66ae8-3135-4b8d-a4ae-ffd9bc083be7" />
      <TestMethod codeBase="D:/GourmetCoffee/GourmetCoffeeTest/bin/Debug/GourmetCoffeeTest.DLL" adapterTypeName="Microsoft.VisualStudio.TestTools.TestTypes.Unit.UnitTestAdapter, Microsoft.VisualStudio.QualityTools.Tips.UnitTest.Adapter, Version=10.0.0.0, Culture=neutral, PublicKeyToken=b03f5f7f11d50a3a" className="GourmetCoffeeTest.CatalogTest, GourmetCoffeeTest, Version=1.0.0.0, Culture=neutral, PublicKeyToken=null" name="TestAddProduct" />
    </UnitTest>
    <UnitTest name="TestEquals" storage="d:\gourmetcoffee\gourmetcoffeetest\bin\debug\gourmetcoffeetest.dll" id="3faca04a-dabe-29e5-c10d-ddbac2c99f00">
      <Execution id="d96691cc-a63c-4676-8b77-bf5a02c454dc" />
      <TestMethod codeBase="D:/GourmetCoffee/GourmetCoffeeTest/bin/Debug/GourmetCoffeeTest.DLL" adapterTypeName="Microsoft.VisualStudio.TestTools.TestTypes.Unit.UnitTestAdapter, Microsoft.VisualStudio.QualityTools.Tips.UnitTest.Adapter, Version=10.0.0.0, Culture=neutral, PublicKeyToken=b03f5f7f11d50a3a" className="GourmetCoffeeTest.ProductTest, GourmetCoffeeTest, Version=1.0.0.0, Culture=neutral, PublicKeyToken=null" name="TestEquals" />
    </UnitTest>
    <UnitTest name="TestProperties" storage="d:\gourmetcoffee\gourmetcoffeetest\bin\debug\gourmetcoffeetest.dll" id="4611bb0f-24a5-e25d-23a9-aeb007046123">
      <Execution id="03cffc4e-1534-4deb-9496-d3109e961166" />
      <TestMethod codeBase="D:/GourmetCoffee/GourmetCoffeeTest/bin/Debug/GourmetCoffeeTest.DLL" adapterTypeName="Microsoft.VisualStudio.TestTools.TestTypes.Unit.UnitTestAdapter, Microsoft.VisualStudio.QualityTools.Tips.UnitTest.Adapter, Version=10.0.0.0, Culture=neutral, PublicKeyToken=b03f5f7f11d50a3a" className="GourmetCoffeeTest.ProductTest, GourmetCoffeeTest, Version=1.0.0.0, Culture=neutral, PublicKeyToken=null" name="TestProperties" />
    </UnitTest>
    <UnitTest name="TestGetProduct" storage="d:\gourmetcoffee\gourmetcoffeetest\bin\debug\gourmetcoffeetest.dll" id="257ba677-d173-c863-43e9-38e72359c959">
      <Execution id="e70d8932-6b54-4c63-a692-f1b9ec073389" />
      <TestMethod codeBase="D:/GourmetCoffee/GourmetCoffeeTest/bin/Debug/GourmetCoffeeTest.DLL" adapterTypeName="Microsoft.VisualStudio.TestTools.TestTypes.Unit.UnitTestAdapter, Microsoft.VisualStudio.QualityTools.Tips.UnitTest.Adapter, Version=10.0.0.0, Culture=neutral, PublicKeyToken=b03f5f7f11d50a3a" className="GourmetCoffeeTest.CatalogTest, GourmetCoffeeTest, Version=1.0.0.0, Culture=neutral, PublicKeyToken=null" name="TestGetProduct" />
    </UnitTest>
  </TestDefinitions>
  <TestLists>
    <TestList name="Results Not in a List" id="8c84fa94-04c1-424b-9868-57a2d4851a1d" />
    <TestList name="All Loaded Results" id="19431567-8539-422a-85d7-44ee4e166bda" />
  </TestLists>
  <TestEntries>
    <TestEntry testId="257ba677-d173-c863-43e9-38e72359c959" executionId="e70d8932-6b54-4c63-a692-f1b9ec073389" testListId="8c84fa94-04c1-424b-9868-57a2d4851a1d" />
    <TestEntry testId="3faca04a-dabe-29e5-c10d-ddbac2c99f00" executionId="d96691cc-a63c-4676-8b77-bf5a02c454dc" testListId="8c84fa94-04c1-424b-9868-57a2d4851a1d" />
    <TestEntry testId="41c4145d-52f2-c183-c021-845c1852be99" executionId="75d66ae8-3135-4b8d-a4ae-ffd9bc083be7" testListId="8c84fa94-04c1-424b-9868-57a2d4851a1d" />
    <TestEntry testId="4611bb0f-24a5-e25d-23a9-aeb007046123" executionId="03cffc4e-1534-4deb-9496-d3109e961166" testListId="8c84fa94-04c1-424b-9868-57a2d4851a1d" />
    <TestEntry testId="ba99785b-d2ea-9d44-19d0-7ec351628353" executionId="badf15df-e474-4ece-9345-8d9766a5ff8d" testListId="8c84fa94-04c1-424b-9868-57a2d4851a1d" />
  </TestEntries>
  <Results>
    <UnitTestResult executionId="e70d8932-6b54-4c63-a692-f1b9ec073389" testId="257ba677-d173-c863-43e9-38e72359c959" testName="TestGetProduct" computerName="FSTU208063" duration="00:00:00.0228283" startTime="2014-12-20T16:23:27.3278784-05:00" endTime="2014-12-20T16:23:27.4682748-05:00" testType="13cdc9d9-ddb5-4fa4-a97d-d965ccfc6d4b" outcome="Failed" testListId="8c84fa94-04c1-424b-9868-57a2d4851a1d" relativeResultsDirectory="e70d8932-6b54-4c63-a692-f1b9ec073389">
      <Output>
        <ErrorInfo>
          <Message>Test method GourmetCoffeeTest.CatalogTest.TestGetProduct threw exception: 
System.NullReferenceException: Object reference not set to an instance of an object.</Message>
          <StackTrace>    at GourmetCoffee.Product.Equals(Object obj) in D:\GourmetCoffee\GourmetCoffee\Product.cs:line 25
   at GourmetCoffeeTest.CatalogTest.TestGetProduct() in D:\GourmetCoffee\GourmetCoffeeTest\CatalogTest.cs:line 65
</StackTrace>
        </ErrorInfo>
      </Output>
    </UnitTestResult>
    <UnitTestResult executionId="d96691cc-a63c-4676-8b77-bf5a02c454dc" testId="3faca04a-dabe-29e5-c10d-ddbac2c99f00" testName="TestEquals" computerName="FSTU208063" duration="00:00:00.0003399" startTime="2014-12-20T16:23:27.4682748-05:00" endTime="2014-12-20T16:23:27.4682748-05:00" testType="13cdc9d9-ddb5-4fa4-a97d-d965ccfc6d4b" outcome="Passed" testListId="8c84fa94-04c1-424b-9868-57a2d4851a1d" relativeResultsDirectory="d96691cc-a63c-4676-8b77-bf5a02c454dc">
    </UnitTestResult>
    <UnitTestResult executionId="75d66ae8-3135-4b8d-a4ae-ffd9bc083be7" testId="41c4145d-52f2-c183-c021-845c1852be99" testName="TestAddProduct" computerName="FSTU208063" duration="00:00:00.0003936" startTime="2014-12-20T16:23:27.4682748-05:00" endTime="2014-12-20T16:23:27.4682748-05:00" testType="13cdc9d9-ddb5-4fa4-a97d-d965ccfc6d4b" outcome="Passed" testListId="8c84fa94-04c1-424b-9868-57a2d4851a1d" relativeResultsDirectory="75d66ae8-3135-4b8d-a4ae-ffd9bc083be7">
    </UnitTestResult>
    <UnitTestResult executionId="03cffc4e-1534-4deb-9496-d3109e961166" testId="4611bb0f-24a5-e25d-23a9-aeb007046123" testName="TestProperties" computerName="FSTU208063" duration="00:00:00.0002737" startTime="2014-12-20T16:23:27.4682748-05:00" endTime="2014-12-20T16:23:27.4682748-05:00" testType="13cdc9d9-ddb5-4fa4-a97d-d965ccfc6d4b" outcome="Passed" testListId="8c84fa94-04c1-424b-9868-57a2d4851a1d" relativeResultsDirectory="03cffc4e-1534-4deb-9496-d3109e961166">
    </UnitTestResult>
    <UnitTestResult executionId="badf15df-e474-4ece-9345-8d9766a5ff8d" testId="ba99785b-d2ea-9d44-19d0-7ec351628353" testName="TestToString" computerName="FSTU208063" duration="00:00:00.0003164" startTime="2014-12-20T16:23:27.4682748-05:00" endTime="2014-12-20T16:23:27.4682748-05:00" testType="13cdc9d9-ddb5-4fa4-a97d-d965ccfc6d4b" outcome="Passed" testListId="8c84fa94-04c1-424b-9868-57a2d4851a1d" relativeResultsDirectory="badf15df-e474-4ece-9345-8d9766a5ff8d">
    </UnitTestResult>
  </Results>
</TestRun>